        -:    0:Source:simple.c
        -:    0:Graph:simple.gcno
        -:    0:Data:simple.gcda
        -:    0:Runs:1
        -:    0:Programs:1
        -:    1:#include <stdio.h>
        -:    2:#include <stdlib.h>
        -:    3:#include <assert.h>
        -:    4:
        -:    5:#define N 10
        -:    6:
        1:    7:int main (int argc,char **argv) {
        1:    8:  int i=0;
        -:    9:  
       12:   10:  while (i < N) {
       10:   11:    i++;
       10:   12:    if (argv[1] != NULL)
    #####:   13:      printf("%s: %d\n", argv[1], i);
        -:   14:    else
       10:   15:      printf("%d\n", i);
        -:   16:  }
        -:   17:
        1:   18:  assert(i==10);
        -:   19:  
        1:   20:  return EXIT_SUCCESS;
        -:   21:}
